<?xml version="1.0" encoding="UTF-8"?>
<!-- Generated by org.testng.reporters.JUnitReportReporter -->
<testsuite hostname="LAPTOP-4IMVMAIJ" failures="0" tests="2" name="testScript.LoginTest" time="9.861" errors="0" timestamp="2026-06-11T20:04:37 CST" skipped="0">
  <testcase classname="testScript.LoginTest" name="verifyloginusinginvalidpassword" time="4.571"/>
  <testcase classname="testScript.LoginTest" name="verifyloginusinginvalidpassword" time="5.290"/>
</testsuite> <!-- testScript.LoginTest -->
