<?xml version="1.0" encoding="UTF-8"?>
<!-- Generated by org.testng.reporters.JUnitXMLReporter -->
<testsuite ignored="2" hostname="LAPTOP-4IMVMAIJ" failures="0" tests="2" name="Test" time="13.879" errors="0" timestamp="2026-06-02T16:08:38 CST">
  <testcase classname="testScript.LoginTest" name="verifyloginusingvalidcredentials" time="3.166"/>
  <testcase classname="testScript.LoginTest" name="verifyloginusinginvalidpassword" time="1.003"/>
  <testcase classname="testScript.LoginTest" name="verifyloginusinginvalidusername" time="0.0">
    <ignored/>
  </testcase> <!-- verifyloginusinginvalidusername -->
  <testcase classname="testScript.LoginTest" name="verifloginusinginvalidcredentails" time="0.0">
    <ignored/>
  </testcase> <!-- verifloginusinginvalidcredentails -->
</testsuite> <!-- Test -->
