<?xml version="1.0" encoding="UTF-8"?>
<!-- Generated by org.testng.reporters.JUnitReportReporter -->
<testsuite hostname="LAPTOP-4IMVMAIJ" failures="0" tests="2" name="testScript.LoginTest" time="14.804" errors="0" timestamp="2026-06-10T14:47:44 CST" skipped="0">
  <testcase classname="testScript.LoginTest" name="verifyloginusinginvalidpassword" time="10.432"/>
  <testcase classname="testScript.LoginTest" name="verifyloginusinginvalidpassword" time="4.372"/>
</testsuite> <!-- testScript.LoginTest -->
