<?xml version="1.0" encoding="UTF-8"?>
<!-- Generated by org.testng.reporters.JUnitXMLReporter -->
<testsuite ignored="3" hostname="LAPTOP-4IMVMAIJ" failures="0" tests="2" name="Test" time="14.883" errors="0" timestamp="2026-06-10T14:47:44 CST">
  <testcase classname="testScript.LoginTest" name="verifyloginusinginvalidpassword" time="0.681"/>
  <testcase classname="testScript.LoginTest" name="verifyloginusinginvalidpassword" time="0.667"/>
  <testcase classname="testScript.LoginTest" name="verifyloginusingvalidcredentials" time="0.0">
    <ignored/>
  </testcase> <!-- verifyloginusingvalidcredentials -->
  <testcase classname="testScript.LoginTest" name="verifyloginusinginvalidusername" time="0.0">
    <ignored/>
  </testcase> <!-- verifyloginusinginvalidusername -->
  <testcase classname="testScript.LoginTest" name="verifloginusinginvalidcredentails" time="0.0">
    <ignored/>
  </testcase> <!-- verifloginusinginvalidcredentails -->
</testsuite> <!-- Test -->
