<?xml version="1.0" encoding="UTF-8"?>
<testng-results ignored="0" total="2" passed="2" failed="0" skipped="0">
  <reporter-output>
  </reporter-output>
  <suite started-at="2026-06-10T14:47:28 CST" name="Suite" finished-at="2026-06-10T14:47:43 CST" duration-ms="14883">
    <groups>
      <group name="smoke">
        <method signature="LoginTest.verifyloginusinginvalidpassword(java.lang.String,java.lang.String)[pri:4, instance:testScript.LoginTest@d23e042]" name="verifyloginusinginvalidpassword" class="testScript.LoginTest"/>
      </group> <!-- smoke -->
    </groups>
    <test started-at="2026-06-10T14:47:28 CST" name="Test" finished-at="2026-06-10T14:47:43 CST" duration-ms="14883">
      <class name="testScript.LoginTest">
        <test-method is-config="true" signature="InitialiseBrowser(java.lang.String)[pri:0, instance:testScript.LoginTest@d23e042]" started-at="2026-06-10T14:47:29 CST" name="InitialiseBrowser" finished-at="2026-06-10T14:47:38 CST" duration-ms="9765" status="PASS">
          <params>
            <param index="0">
              <value>
                <![CDATA[chrome]]>
              </value>
            </param>
          </params>
          <reporter-output>
          </reporter-output>
        </test-method> <!-- InitialiseBrowser -->
        <test-method signature="verifyloginusinginvalidpassword(java.lang.String,java.lang.String)[pri:4, instance:testScript.LoginTest@d23e042]" started-at="2026-06-10T14:47:38 CST" name="verifyloginusinginvalidpassword" description="User is trying to login with invalid password" data-provider="loginProvider" finished-at="2026-06-10T14:47:39 CST" duration-ms="681" status="PASS">
          <params>
            <param index="0">
              <value>
                <![CDATA[admin]]>
              </value>
            </param>
            <param index="1">
              <value>
                <![CDATA[admin22]]>
              </value>
            </param>
          </params>
          <reporter-output>
          </reporter-output>
        </test-method> <!-- verifyloginusinginvalidpassword -->
        <test-method is-config="true" signature="closeBrowser(org.testng.ITestResult)[pri:0, instance:testScript.LoginTest@d23e042]" started-at="2026-06-10T14:47:39 CST" name="closeBrowser" finished-at="2026-06-10T14:47:39 CST" duration-ms="0" status="PASS">
          <params>
            <param index="0">
              <value>
                <![CDATA[[TestResult name=verifyloginusinginvalidpassword status=SUCCESS method=LoginTest.verifyloginusinginvalidpassword(java.lang.String,java.lang.String)[pri:4, instance:testScript.LoginTest@d23e042] output={null}]]]>
              </value>
            </param>
          </params>
          <reporter-output>
          </reporter-output>
        </test-method> <!-- closeBrowser -->
        <test-method is-config="true" signature="InitialiseBrowser(java.lang.String)[pri:0, instance:testScript.LoginTest@d23e042]" started-at="2026-06-10T14:47:39 CST" name="InitialiseBrowser" finished-at="2026-06-10T14:47:43 CST" duration-ms="3689" status="PASS">
          <params>
            <param index="0">
              <value>
                <![CDATA[chrome]]>
              </value>
            </param>
          </params>
          <reporter-output>
          </reporter-output>
        </test-method> <!-- InitialiseBrowser -->
        <test-method signature="verifyloginusinginvalidpassword(java.lang.String,java.lang.String)[pri:4, instance:testScript.LoginTest@d23e042]" started-at="2026-06-10T14:47:43 CST" name="verifyloginusinginvalidpassword" description="User is trying to login with invalid password" data-provider="loginProvider" finished-at="2026-06-10T14:47:43 CST" duration-ms="667" status="PASS">
          <params>
            <param index="0">
              <value>
                <![CDATA[admin123]]>
              </value>
            </param>
            <param index="1">
              <value>
                <![CDATA[123]]>
              </value>
            </param>
          </params>
          <reporter-output>
          </reporter-output>
        </test-method> <!-- verifyloginusinginvalidpassword -->
        <test-method is-config="true" signature="closeBrowser(org.testng.ITestResult)[pri:0, instance:testScript.LoginTest@d23e042]" started-at="2026-06-10T14:47:43 CST" name="closeBrowser" finished-at="2026-06-10T14:47:43 CST" duration-ms="2" status="PASS">
          <params>
            <param index="0">
              <value>
                <![CDATA[[TestResult name=verifyloginusinginvalidpassword status=SUCCESS method=LoginTest.verifyloginusinginvalidpassword(java.lang.String,java.lang.String)[pri:4, instance:testScript.LoginTest@d23e042] output={null}]]]>
              </value>
            </param>
          </params>
          <reporter-output>
          </reporter-output>
        </test-method> <!-- closeBrowser -->
      </class> <!-- testScript.LoginTest -->
    </test> <!-- Test -->
  </suite> <!-- Suite -->
</testng-results>
