<?xml version="1.0" encoding="UTF-8"?>
<!-- Generated by org.testng.reporters.JUnitXMLReporter -->
<testsuite ignored="1" hostname="LAPTOP-4IMVMAIJ" failures="0" tests="1" name="Default test" time="8.62" errors="0" timestamp="2026-05-31T19:42:31 CST">
  <testcase classname="testScript.ManageNewsTest" name="verifytheAddedNewscanfindbySearch" time="3.68"/>
  <testcase classname="testScript.ManageNewsTest" name="verifyUserisAbleToAddNews" time="0.0">
    <ignored/>
  </testcase> <!-- verifyUserisAbleToAddNews -->
</testsuite> <!-- Default test -->
