<?xml version="1.0" encoding="UTF-8"?>
<!-- Generated by org.testng.reporters.JUnitXMLReporter -->
<testsuite ignored="3" hostname="LAPTOP-4IMVMAIJ" failures="0" tests="1" name="chromeTest" time="10.998" errors="0" timestamp="2026-06-03T19:49:51 CST">
  <testcase classname="testScript.LoginTest" name="verifyloginusingvalidcredentials" time="3.236"/>
  <testcase classname="testScript.LoginTest" name="verifyloginusinginvalidusername" time="0.0">
    <ignored/>
  </testcase> <!-- verifyloginusinginvalidusername -->
  <testcase classname="testScript.LoginTest" name="verifyloginusinginvalidpassword" time="0.0">
    <ignored/>
  </testcase> <!-- verifyloginusinginvalidpassword -->
  <testcase classname="testScript.LoginTest" name="verifloginusinginvalidcredentails" time="0.0">
    <ignored/>
  </testcase> <!-- verifloginusinginvalidcredentails -->
</testsuite> <!-- chromeTest -->
