<?xml version="1.0" encoding="UTF-8"?>
<!-- Generated by org.testng.reporters.JUnitXMLReporter -->
<testsuite ignored="3" hostname="LAPTOP-4IMVMAIJ" failures="0" tests="1" name="firefoxTest" time="12.98" errors="0" timestamp="2026-06-03T19:50:04 CST">
  <testcase classname="testScript.LoginTest" name="verifyloginusingvalidcredentials" time="2.432"/>
  <testcase classname="testScript.LoginTest" name="verifyloginusinginvalidusername" time="0.0">
    <ignored/>
  </testcase> <!-- verifyloginusinginvalidusername -->
  <testcase classname="testScript.LoginTest" name="verifloginusinginvalidcredentails" time="0.0">
    <ignored/>
  </testcase> <!-- verifloginusinginvalidcredentails -->
  <testcase classname="testScript.LoginTest" name="verifyloginusinginvalidpassword" time="0.0">
    <ignored/>
  </testcase> <!-- verifyloginusinginvalidpassword -->
</testsuite> <!-- firefoxTest -->
